0 info it worked if it ends with ok
1 verbose cli [ 'C:\\laragon\\bin\\nodejs\\node.exe',
1 verbose cli   'C:\\laragon\\bin\\nodejs\\node_modules\\npm\\bin\\npm-cli.js',
1 verbose cli   'start' ]
2 info using npm@3.10.10
3 info using node@v6.9.5
4 verbose run-script [ 'prestart', 'start', 'poststart' ]
5 info lifecycle codeshare@0.0.0~prestart: codeshare@0.0.0
6 silly lifecycle codeshare@0.0.0~prestart: no script for prestart, continuing
7 info lifecycle codeshare@0.0.0~start: codeshare@0.0.0
8 verbose lifecycle codeshare@0.0.0~start: unsafe-perm in lifecycle true
9 verbose lifecycle codeshare@0.0.0~start: PATH: C:\laragon\bin\nodejs\node_modules\npm\bin\node-gyp-bin;C:\Users\Kuridz\Desktop\codeshare\node_modules\.bin;C:\Users\Kuridz\AppData\Local\Yarn\config\global\node_modules\.bin;C:\Users\Kuridz\AppData\Roaming\npm;C:\Users\Kuridz\AppData\Roaming\Composer\vendor\bin;C:\laragon\bin\mysql\mysql-5.7.18-winx64\bin;C:\laragon\bin\php\php-7.1.1-Win32-VC14-x86;C:\laragon\bin\composer;C:\laragon\bin\redis\redis-x64-3.2.100;C:\laragon\bin\memcached\memcached-1.4.5;C:\laragon\bin\nodejs;C:\laragon\bin\yarn\bin;C:\laragon\bin\nginx\nginx-1.10.1;C:\laragon\bin\notepad++;C:\laragon\bin\telnet;C:\laragon\bin\ngrok;C:\laragon\bin\sendmail;C:\laragon\bin\winscp;C:\laragon\bin\git\bin;C:\laragon\bin\git\cmd;C:\laragon\bin\git\usr\bin;C:\laragon\bin\git\mingw32\bin;C:\laragon\bin;C:\laragon\usr\bin;C:\laragon\bin\putty;;C:\laragon\bin\cmder\bin;C:\Program Files (x86)\Intel\iCLS Client\;C:\Program Files\Intel\iCLS Client\;C:\Windows\system32;C:\Windows;C:\Windows\System32\Wbem;C:\Windows\System32\WindowsPowerShell\v1.0\;C:\Program Files\Hewlett-Packard\SimplePass\;C:\Program Files\Intel\Intel(R) Management Engine Components\DAL;C:\Program Files (x86)\Intel\Intel(R) Management Engine Components\DAL;C:\Program Files\Intel\Intel(R) Management Engine Components\IPT;C:\Program Files (x86)\Intel\Intel(R) Management Engine Components\IPT;C:\Program Files\Git\cmd;C:\Program Files\nodejs\;c:\Program Files\Intel\WiFi\bin\;c:\Program Files\Common Files\Intel\WirelessCommon\;C:\Ruby25-x64\bin;C:\Program Files\Sublime Text 3;c:\Program Files\Intel\WiFi\bin\;c:\Program Files\Common Files\Intel\WirelessCommon\;C:\Program Files\Microsoft VS Code\bin;C:\Program Files\MongoDB\Server\3.6\bin\;C:\Users\Kuridz\AppData\Local\GitHubDesktop\bin;C:\laragon\bin;C:\laragon\bin\composer;C:\laragon\bin\git\bin;C:\laragon\bin\git\cmd;C:\laragon\bin\git\mingw32\bin;C:\laragon\bin\git\usr\bin;C:\laragon\bin\memcached\memcached-1.4.5;C:\laragon\bin\mysql\mariadb-10.2.3-win32\bin;C:\laragon\bin\nginx\nginx-1.10.1;C:\laragon\bin\ngrok;C:\laragon\bin\nodejs;C:\laragon\bin\notepad++;C:\laragon\bin\php\php-7.1.1-Win32-VC14-x86;C:\laragon\bin\putty;C:\laragon\bin\redis\redis-x64-3.2.100;C:\laragon\bin\sendmail;C:\laragon\bin\telnet;C:\laragon\bin\winscp;C:\laragon\bin\yarn\bin;C:\laragon\usr\bin;C:\Users\Kuridz\AppData\Local\Yarn\config\global\node_modules\.bin;C:\Users\Kuridz\AppData\Roaming\Composer\vendor\bin;C:\Users\Kuridz\AppData\Roaming\npm;;C:\Program Files\Git\usr\bin;C:\Program Files\Git\usr\share\vim\vim74;C:\laragon\bin\cmder\;
10 verbose lifecycle codeshare@0.0.0~start: CWD: C:\Users\Kuridz\Desktop\codeshare
11 silly lifecycle codeshare@0.0.0~start: Args: [ '/d /s /c', 'node ./bin/www' ]
12 silly lifecycle codeshare@0.0.0~start: Returned: code: 1  signal: null
13 info lifecycle codeshare@0.0.0~start: Failed to exec start script
14 verbose stack Error: codeshare@0.0.0 start: `node ./bin/www`
14 verbose stack Exit status 1
14 verbose stack     at EventEmitter.<anonymous> (C:\laragon\bin\nodejs\node_modules\npm\lib\utils\lifecycle.js:255:16)
14 verbose stack     at emitTwo (events.js:106:13)
14 verbose stack     at EventEmitter.emit (events.js:191:7)
14 verbose stack     at ChildProcess.<anonymous> (C:\laragon\bin\nodejs\node_modules\npm\lib\utils\spawn.js:40:14)
14 verbose stack     at emitTwo (events.js:106:13)
14 verbose stack     at ChildProcess.emit (events.js:191:7)
14 verbose stack     at maybeClose (internal/child_process.js:877:16)
14 verbose stack     at Process.ChildProcess._handle.onexit (internal/child_process.js:226:5)
15 verbose pkgid codeshare@0.0.0
16 verbose cwd C:\Users\Kuridz\Desktop\codeshare
17 error Windows_NT 6.3.9600
18 error argv "C:\\laragon\\bin\\nodejs\\node.exe" "C:\\laragon\\bin\\nodejs\\node_modules\\npm\\bin\\npm-cli.js" "start"
19 error node v6.9.5
20 error npm  v3.10.10
21 error code ELIFECYCLE
22 error codeshare@0.0.0 start: `node ./bin/www`
22 error Exit status 1
23 error Failed at the codeshare@0.0.0 start script 'node ./bin/www'.
23 error Make sure you have the latest version of node.js and npm installed.
23 error If you do, this is most likely a problem with the codeshare package,
23 error not with npm itself.
23 error Tell the author that this fails on your system:
23 error     node ./bin/www
23 error You can get information on how to open an issue for this project with:
23 error     npm bugs codeshare
23 error Or if that isn't available, you can get their info via:
23 error     npm owner ls codeshare
23 error There is likely additional logging output above.
24 verbose exit [ 1, true ]
